{
  "stats": {
    "suites": 2,
    "tests": 23,
    "passes": 7,
    "pending": 0,
    "failures": 16,
    "start": "2021-11-23T01:01:51.881Z",
    "end": "2021-11-23T02:57:19.704Z",
    "duration": 6927823,
    "testsRegistered": 23,
    "passPercent": 30.434782608695656,
    "pendingPercent": 0,
    "other": 0,
    "hasOther": false,
    "skipped": 0,
    "hasSkipped": false
  },
  "results": [
    {
      "uuid": "a261fccf-3b49-433a-8f6a-9f5c56661555",
      "title": "",
      "fullFile": "cypress/integration/telstraAutomation/telstraAutomation_spec.js",
      "file": "cypress/integration/telstraAutomation/telstraAutomation_spec.js",
      "beforeHooks": [],
      "afterHooks": [],
      "tests": [],
      "suites": [
        {
          "uuid": "9be49238-4c8d-45ac-bddb-b07ad2fa8cf9",
          "title": "1. homePage",
          "fullFile": "",
          "file": "",
          "beforeHooks": [],
          "afterHooks": [],
          "tests": [
            {
              "title": "navigate - https://www.telstra.com.au?livetest=EA_homepage",
              "fullTitle": "1. homePage navigate - https://www.telstra.com.au?livetest=EA_homepage",
              "timedOut": null,
              "duration": 61354,
              "state": "passed",
              "speed": "slow",
              "pass": true,
              "fail": false,
              "pending": false,
              "context": null,
              "code": "cy.visit(eachElement.value, {\n  failOnStatusCode: false,\n  timeout: _globalVariables.default.timeOut\n});",
              "err": {},
              "uuid": "733b6a66-37d2-4d27-a384-bcdaefeab82c",
              "parentUUID": "9be49238-4c8d-45ac-bddb-b07ad2fa8cf9",
              "isHook": false,
              "skipped": false
            },
            {
              "title": "componentId - div[data-personalisation-id='homePersonal-banner-EA']",
              "fullTitle": "1. homePage componentId - div[data-personalisation-id='homePersonal-banner-EA']",
              "timedOut": null,
              "duration": 3377,
              "state": "passed",
              "speed": "fast",
              "pass": true,
              "fail": false,
              "pending": false,
              "context": null,
              "code": "_globalVariables.default.componentId = eachElement.findByValue;\ncy.get(eachElement.findByValue, {\n  timeout: _globalVariables.default.timeOut\n}).should('be.visible').scrollIntoView();",
              "err": {},
              "uuid": "08d3d8e2-9593-4dad-9331-70efc27054a0",
              "parentUUID": "9be49238-4c8d-45ac-bddb-b07ad2fa8cf9",
              "isHook": false,
              "skipped": false
            },
            {
              "title": "validate - Telstra Personal",
              "fullTitle": "1. homePage validate - Telstra Personal",
              "timedOut": null,
              "duration": 851,
              "state": "passed",
              "speed": "fast",
              "pass": true,
              "fail": false,
              "pending": false,
              "context": null,
              "code": "cy.get(_globalVariables.default.componentId, {\n  timeout: _globalVariables.default.timeOut\n}).contains(_globalVariables.default.componentId, eachElement.value); // cy.get(cypressObj.componentId).children().should('contain', eachElement.value);\n// cy.get(eachElement.findByValue).invoke('text').then((text) => {\n//    expect(text.trim()).contains('Telstra Personal');\n// });",
              "err": {},
              "uuid": "ddcdb1ea-00c2-42f5-8359-55ee1faaa69d",
              "parentUUID": "9be49238-4c8d-45ac-bddb-b07ad2fa8cf9",
              "isHook": false,
              "skipped": false
            },
            {
              "title": "validate - This is our test campaign for the capability",
              "fullTitle": "1. homePage validate - This is our test campaign for the capability",
              "timedOut": null,
              "duration": 61409,
              "state": "failed",
              "speed": null,
              "pass": false,
              "fail": true,
              "pending": false,
              "context": null,
              "code": "cy.get(_globalVariables.default.componentId, {\n  timeout: _globalVariables.default.timeOut\n}).contains(_globalVariables.default.componentId, eachElement.value); // cy.get(cypressObj.componentId).children().should('contain', eachElement.value);\n// cy.get(eachElement.findByValue).invoke('text').then((text) => {\n//    expect(text.trim()).contains('Telstra Personal');\n// });",
              "err": {
                "message": "AssertionError: Timed out retrying after 60000ms: Expected to find content: 'This is our test campaign for the capability' within the element: <div> and with the selector: 'div[data-personalisation-id='homePersonal-banner-EA']' but never did.",
                "estack": "AssertionError: Timed out retrying after 60000ms: Expected to find content: 'This is our test campaign for the capability' within the element: <div> and with the selector: 'div[data-personalisation-id='homePersonal-banner-EA']' but never did.\n    at Context.eval (https://www.telstra.com.au/__cypress/tests?p=cypress\\integration\\telstraAutomation\\telstraAutomation_spec.js:181:16)",
                "diff": null
              },
              "uuid": "a2e7563b-98f2-49da-90c0-fa1fbff1038f",
              "parentUUID": "9be49238-4c8d-45ac-bddb-b07ad2fa8cf9",
              "isHook": false,
              "skipped": false
            },
            {
              "title": "validate - Join now for your shot at 1 million Telstra Plus points",
              "fullTitle": "1. homePage validate - Join now for your shot at 1 million Telstra Plus points",
              "timedOut": null,
              "duration": 60610,
              "state": "failed",
              "speed": null,
              "pass": false,
              "fail": true,
              "pending": false,
              "context": null,
              "code": "cy.get(_globalVariables.default.componentId, {\n  timeout: _globalVariables.default.timeOut\n}).contains(_globalVariables.default.componentId, eachElement.value); // cy.get(cypressObj.componentId).children().should('contain', eachElement.value);\n// cy.get(eachElement.findByValue).invoke('text').then((text) => {\n//    expect(text.trim()).contains('Telstra Personal');\n// });",
              "err": {
                "message": "AssertionError: Timed out retrying after 60000ms: Expected to find content: 'Join now for your shot at 1 million Telstra Plus points' within the element: <div> and with the selector: 'div[data-personalisation-id='homePersonal-banner-EA']' but never did.",
                "estack": "AssertionError: Timed out retrying after 60000ms: Expected to find content: 'Join now for your shot at 1 million Telstra Plus points' within the element: <div> and with the selector: 'div[data-personalisation-id='homePersonal-banner-EA']' but never did.\n    at Context.eval (https://www.telstra.com.au/__cypress/tests?p=cypress\\integration\\telstraAutomation\\telstraAutomation_spec.js:181:16)",
                "diff": null
              },
              "uuid": "8318928c-dbdc-4339-9b7c-91228956b592",
              "parentUUID": "9be49238-4c8d-45ac-bddb-b07ad2fa8cf9",
              "isHook": false,
              "skipped": false
            },
            {
              "title": "validate - Eligibility criteria apply",
              "fullTitle": "1. homePage validate - Eligibility criteria apply",
              "timedOut": null,
              "duration": 60335,
              "state": "failed",
              "speed": null,
              "pass": false,
              "fail": true,
              "pending": false,
              "context": null,
              "code": "cy.get(_globalVariables.default.componentId, {\n  timeout: _globalVariables.default.timeOut\n}).contains(_globalVariables.default.componentId, eachElement.value); // cy.get(cypressObj.componentId).children().should('contain', eachElement.value);\n// cy.get(eachElement.findByValue).invoke('text').then((text) => {\n//    expect(text.trim()).contains('Telstra Personal');\n// });",
              "err": {
                "message": "AssertionError: Timed out retrying after 60000ms: Expected to find content: 'Eligibility criteria apply' within the element: <div> and with the selector: 'div[data-personalisation-id='homePersonal-banner-EA']' but never did.",
                "estack": "AssertionError: Timed out retrying after 60000ms: Expected to find content: 'Eligibility criteria apply' within the element: <div> and with the selector: 'div[data-personalisation-id='homePersonal-banner-EA']' but never did.\n    at Context.eval (https://www.telstra.com.au/__cypress/tests?p=cypress\\integration\\telstraAutomation\\telstraAutomation_spec.js:181:16)",
                "diff": null
              },
              "uuid": "961eeba3-ecd1-45fe-a17f-b98342302b99",
              "parentUUID": "9be49238-4c8d-45ac-bddb-b07ad2fa8cf9",
              "isHook": false,
              "skipped": false
            },
            {
              "title": "validate - Learn more",
              "fullTitle": "1. homePage validate - Learn more",
              "timedOut": null,
              "duration": 60422,
              "state": "failed",
              "speed": null,
              "pass": false,
              "fail": true,
              "pending": false,
              "context": null,
              "code": "cy.get(_globalVariables.default.componentId, {\n  timeout: _globalVariables.default.timeOut\n}).contains(_globalVariables.default.componentId, eachElement.value); // cy.get(cypressObj.componentId).children().should('contain', eachElement.value);\n// cy.get(eachElement.findByValue).invoke('text').then((text) => {\n//    expect(text.trim()).contains('Telstra Personal');\n// });",
              "err": {
                "message": "AssertionError: Timed out retrying after 60000ms: Expected to find content: 'Learn more' within the element: <div> and with the selector: 'div[data-personalisation-id='homePersonal-banner-EA']' but never did.",
                "estack": "AssertionError: Timed out retrying after 60000ms: Expected to find content: 'Learn more' within the element: <div> and with the selector: 'div[data-personalisation-id='homePersonal-banner-EA']' but never did.\n    at Context.eval (https://www.telstra.com.au/__cypress/tests?p=cypress\\integration\\telstraAutomation\\telstraAutomation_spec.js:181:16)",
                "diff": null
              },
              "uuid": "0d3a0cb5-1fa4-4369-bf22-341d24a10eea",
              "parentUUID": "9be49238-4c8d-45ac-bddb-b07ad2fa8cf9",
              "isHook": false,
              "skipped": false
            },
            {
              "title": "screenshot - homePersonal-Banner-EA",
              "fullTitle": "1. homePage screenshot - homePersonal-Banner-EA",
              "timedOut": null,
              "duration": 1386,
              "state": "passed",
              "speed": "fast",
              "pass": true,
              "fail": false,
              "pending": false,
              "context": null,
              "code": "cy.screenshot(eachElement.value, {\n  \"capture\": \"viewport\",\n  \"scale\": true,\n  \"overwrite\": true\n});",
              "err": {},
              "uuid": "59f54417-20c4-4587-bc73-c862a04a413c",
              "parentUUID": "9be49238-4c8d-45ac-bddb-b07ad2fa8cf9",
              "isHook": false,
              "skipped": false
            },
            {
              "title": "cta - Learn more",
              "fullTitle": "1. homePage cta - Learn more",
              "timedOut": null,
              "duration": 60702,
              "state": "failed",
              "speed": null,
              "pass": false,
              "fail": true,
              "pending": false,
              "context": null,
              "code": "cy.get(_globalVariables.default.componentId, {\n  timeout: _globalVariables.default.timeOut\n}).contains(_globalVariables.default.componentId, eachElement.findByValue).click();",
              "err": {
                "message": "AssertionError: Timed out retrying after 60000ms: Expected to find content: 'Learn more' within the element: <div> and with the selector: 'div[data-personalisation-id='homePersonal-banner-EA']' but never did.",
                "estack": "AssertionError: Timed out retrying after 60000ms: Expected to find content: 'Learn more' within the element: <div> and with the selector: 'div[data-personalisation-id='homePersonal-banner-EA']' but never did.\n    at Context.eval (https://www.telstra.com.au/__cypress/tests?p=cypress\\integration\\telstraAutomation\\telstraAutomation_spec.js:192:16)",
                "diff": null
              },
              "uuid": "065155a1-574b-4254-b62d-f9ecbb0d349c",
              "parentUUID": "9be49238-4c8d-45ac-bddb-b07ad2fa8cf9",
              "isHook": false,
              "skipped": false
            },
            {
              "title": "componentId - div[data-personalisation-id='mobileOnPlan-banner-EA']",
              "fullTitle": "1. homePage componentId - div[data-personalisation-id='mobileOnPlan-banner-EA']",
              "timedOut": null,
              "duration": 60685,
              "state": "failed",
              "speed": null,
              "pass": false,
              "fail": true,
              "pending": false,
              "context": null,
              "code": "_globalVariables.default.componentId = eachElement.findByValue;\ncy.get(eachElement.findByValue, {\n  timeout: _globalVariables.default.timeOut\n}).should('be.visible').scrollIntoView();",
              "err": {
                "message": "AssertionError: Timed out retrying after 60000ms: Expected to find element: `div[data-personalisation-id='mobileOnPlan-banner-EA']`, but never found it.",
                "estack": "AssertionError: Timed out retrying after 60000ms: Expected to find element: `div[data-personalisation-id='mobileOnPlan-banner-EA']`, but never found it.\n    at Context.eval (https://www.telstra.com.au/__cypress/tests?p=cypress\\integration\\telstraAutomation\\telstraAutomation_spec.js:175:16)",
                "diff": null
              },
              "uuid": "2f115b96-b75d-45bb-ae4f-6ef285764d05",
              "parentUUID": "9be49238-4c8d-45ac-bddb-b07ad2fa8cf9",
              "isHook": false,
              "skipped": false
            },
            {
              "title": "validate - Mobiles on a plan",
              "fullTitle": "1. homePage validate - Mobiles on a plan",
              "timedOut": null,
              "duration": 60403,
              "state": "failed",
              "speed": null,
              "pass": false,
              "fail": true,
              "pending": false,
              "context": null,
              "code": "cy.get(_globalVariables.default.componentId, {\n  timeout: _globalVariables.default.timeOut\n}).contains(_globalVariables.default.componentId, eachElement.value); // cy.get(cypressObj.componentId).children().should('contain', eachElement.value);\n// cy.get(eachElement.findByValue).invoke('text').then((text) => {\n//    expect(text.trim()).contains('Telstra Personal');\n// });",
              "err": {
                "message": "AssertionError: Timed out retrying after 60000ms: Expected to find element: `div[data-personalisation-id='mobileOnPlan-banner-EA']`, but never found it.",
                "estack": "AssertionError: Timed out retrying after 60000ms: Expected to find element: `div[data-personalisation-id='mobileOnPlan-banner-EA']`, but never found it.\n    at Context.eval (https://www.telstra.com.au/__cypress/tests?p=cypress\\integration\\telstraAutomation\\telstraAutomation_spec.js:179:16)",
                "diff": null
              },
              "uuid": "366c4228-ce84-48ba-9633-c69ddb4a7dd2",
              "parentUUID": "9be49238-4c8d-45ac-bddb-b07ad2fa8cf9",
              "isHook": false,
              "skipped": false
            },
            {
              "title": "screenshot - homePersonal-Banner-EA_cta1",
              "fullTitle": "1. homePage screenshot - homePersonal-Banner-EA_cta1",
              "timedOut": null,
              "duration": 1243,
              "state": "passed",
              "speed": "fast",
              "pass": true,
              "fail": false,
              "pending": false,
              "context": null,
              "code": "cy.screenshot(eachElement.value, {\n  \"capture\": \"viewport\",\n  \"scale\": true,\n  \"overwrite\": true\n});",
              "err": {},
              "uuid": "9bb60294-12a1-4222-9a8b-c94829245c77",
              "parentUUID": "9be49238-4c8d-45ac-bddb-b07ad2fa8cf9",
              "isHook": false,
              "skipped": false
            }
          ],
          "suites": [],
          "passes": [
            "733b6a66-37d2-4d27-a384-bcdaefeab82c",
            "08d3d8e2-9593-4dad-9331-70efc27054a0",
            "ddcdb1ea-00c2-42f5-8359-55ee1faaa69d",
            "59f54417-20c4-4587-bc73-c862a04a413c",
            "9bb60294-12a1-4222-9a8b-c94829245c77"
          ],
          "failures": [
            "a2e7563b-98f2-49da-90c0-fa1fbff1038f",
            "8318928c-dbdc-4339-9b7c-91228956b592",
            "961eeba3-ecd1-45fe-a17f-b98342302b99",
            "0d3a0cb5-1fa4-4369-bf22-341d24a10eea",
            "065155a1-574b-4254-b62d-f9ecbb0d349c",
            "2f115b96-b75d-45bb-ae4f-6ef285764d05",
            "366c4228-ce84-48ba-9633-c69ddb4a7dd2"
          ],
          "pending": [],
          "skipped": [],
          "duration": 492777,
          "root": false,
          "rootEmpty": false,
          "_timeout": 2000
        },
        {
          "uuid": "d95885ea-febe-460e-815c-d67e4ec4ca78",
          "title": "2. upgradeNow",
          "fullFile": "",
          "file": "",
          "beforeHooks": [],
          "afterHooks": [],
          "tests": [
            {
              "title": "componentId - div[data-personalisation-id='upgrade-banner-EA']",
              "fullTitle": "2. upgradeNow componentId - div[data-personalisation-id='upgrade-banner-EA']",
              "timedOut": null,
              "duration": 60633,
              "state": "failed",
              "speed": null,
              "pass": false,
              "fail": true,
              "pending": false,
              "context": null,
              "code": "_globalVariables.default.componentId = eachElement.findByValue;\ncy.get(eachElement.findByValue, {\n  timeout: _globalVariables.default.timeOut\n}).should('be.visible').scrollIntoView();",
              "err": {
                "message": "AssertionError: Timed out retrying after 60000ms: Expected to find element: `div[data-personalisation-id='upgrade-banner-EA']`, but never found it.",
                "estack": "AssertionError: Timed out retrying after 60000ms: Expected to find element: `div[data-personalisation-id='upgrade-banner-EA']`, but never found it.\n    at Context.eval (https://www.telstra.com.au/__cypress/tests?p=cypress\\integration\\telstraAutomation\\telstraAutomation_spec.js:175:16)",
                "diff": null
              },
              "uuid": "88182084-e817-474e-97d5-9a77d058e150",
              "parentUUID": "d95885ea-febe-460e-815c-d67e4ec4ca78",
              "isHook": false,
              "skipped": false
            },
            {
              "title": "validate - Upgrade now",
              "fullTitle": "2. upgradeNow validate - Upgrade now",
              "timedOut": null,
              "duration": 60660,
              "state": "failed",
              "speed": null,
              "pass": false,
              "fail": true,
              "pending": false,
              "context": null,
              "code": "cy.get(_globalVariables.default.componentId, {\n  timeout: _globalVariables.default.timeOut\n}).contains(_globalVariables.default.componentId, eachElement.value); // cy.get(cypressObj.componentId).children().should('contain', eachElement.value);\n// cy.get(eachElement.findByValue).invoke('text').then((text) => {\n//    expect(text.trim()).contains('Telstra Personal');\n// });",
              "err": {
                "message": "AssertionError: Timed out retrying after 60000ms: Expected to find element: `div[data-personalisation-id='upgrade-banner-EA']`, but never found it.",
                "estack": "AssertionError: Timed out retrying after 60000ms: Expected to find element: `div[data-personalisation-id='upgrade-banner-EA']`, but never found it.\n    at Context.eval (https://www.telstra.com.au/__cypress/tests?p=cypress\\integration\\telstraAutomation\\telstraAutomation_spec.js:179:16)",
                "diff": null
              },
              "uuid": "fc0e78e0-efa2-4389-a2f2-3fb7cef4787f",
              "parentUUID": "d95885ea-febe-460e-815c-d67e4ec4ca78",
              "isHook": false,
              "skipped": false
            },
            {
              "title": "validate - Join our",
              "fullTitle": "2. upgradeNow validate - Join our",
              "timedOut": null,
              "duration": 60782,
              "state": "failed",
              "speed": null,
              "pass": false,
              "fail": true,
              "pending": false,
              "context": null,
              "code": "cy.get(_globalVariables.default.componentId, {\n  timeout: _globalVariables.default.timeOut\n}).contains(_globalVariables.default.componentId, eachElement.value); // cy.get(cypressObj.componentId).children().should('contain', eachElement.value);\n// cy.get(eachElement.findByValue).invoke('text').then((text) => {\n//    expect(text.trim()).contains('Telstra Personal');\n// });",
              "err": {
                "message": "AssertionError: Timed out retrying after 60000ms: Expected to find element: `div[data-personalisation-id='upgrade-banner-EA']`, but never found it.",
                "estack": "AssertionError: Timed out retrying after 60000ms: Expected to find element: `div[data-personalisation-id='upgrade-banner-EA']`, but never found it.\n    at Context.eval (https://www.telstra.com.au/__cypress/tests?p=cypress\\integration\\telstraAutomation\\telstraAutomation_spec.js:179:16)",
                "diff": null
              },
              "uuid": "90bce73f-aa67-4c30-a799-3e0ff0a44dd7",
              "parentUUID": "d95885ea-febe-460e-815c-d67e4ec4ca78",
              "isHook": false,
              "skipped": false
            },
            {
              "title": "validate - Join now for your shot at 1 million",
              "fullTitle": "2. upgradeNow validate - Join now for your shot at 1 million",
              "timedOut": null,
              "duration": 5925522,
              "state": "failed",
              "speed": null,
              "pass": false,
              "fail": true,
              "pending": false,
              "context": null,
              "code": "cy.get(_globalVariables.default.componentId, {\n  timeout: _globalVariables.default.timeOut\n}).contains(_globalVariables.default.componentId, eachElement.value); // cy.get(cypressObj.componentId).children().should('contain', eachElement.value);\n// cy.get(eachElement.findByValue).invoke('text').then((text) => {\n//    expect(text.trim()).contains('Telstra Personal');\n// });",
              "err": {
                "message": "AssertionError: Timed out retrying after 60000ms: Expected to find element: `div[data-personalisation-id='upgrade-banner-EA']`, but never found it.",
                "estack": "AssertionError: Timed out retrying after 60000ms: Expected to find element: `div[data-personalisation-id='upgrade-banner-EA']`, but never found it.\n    at Context.eval (https://www.telstra.com.au/__cypress/tests?p=cypress\\integration\\telstraAutomation\\telstraAutomation_spec.js:179:16)",
                "diff": null
              },
              "uuid": "a6c1ff5f-7a44-40ce-82d1-a1bfccc7e28d",
              "parentUUID": "d95885ea-febe-460e-815c-d67e4ec4ca78",
              "isHook": false,
              "skipped": false
            },
            {
              "title": "validate - Eligibility criteria apply",
              "fullTitle": "2. upgradeNow validate - Eligibility criteria apply",
              "timedOut": null,
              "duration": 60528,
              "state": "failed",
              "speed": null,
              "pass": false,
              "fail": true,
              "pending": false,
              "context": null,
              "code": "cy.get(_globalVariables.default.componentId, {\n  timeout: _globalVariables.default.timeOut\n}).contains(_globalVariables.default.componentId, eachElement.value); // cy.get(cypressObj.componentId).children().should('contain', eachElement.value);\n// cy.get(eachElement.findByValue).invoke('text').then((text) => {\n//    expect(text.trim()).contains('Telstra Personal');\n// });",
              "err": {
                "message": "AssertionError: Timed out retrying after 60000ms: Expected to find element: `div[data-personalisation-id='upgrade-banner-EA']`, but never found it.",
                "estack": "AssertionError: Timed out retrying after 60000ms: Expected to find element: `div[data-personalisation-id='upgrade-banner-EA']`, but never found it.\n    at Context.eval (https://www.telstra.com.au/__cypress/tests?p=cypress\\integration\\telstraAutomation\\telstraAutomation_spec.js:179:16)",
                "diff": null
              },
              "uuid": "7e895fe5-0521-4163-818d-c649ab6ccbc3",
              "parentUUID": "d95885ea-febe-460e-815c-d67e4ec4ca78",
              "isHook": false,
              "skipped": false
            },
            {
              "title": "validate - Enrol now",
              "fullTitle": "2. upgradeNow validate - Enrol now",
              "timedOut": null,
              "duration": 60582,
              "state": "failed",
              "speed": null,
              "pass": false,
              "fail": true,
              "pending": false,
              "context": null,
              "code": "cy.get(_globalVariables.default.componentId, {\n  timeout: _globalVariables.default.timeOut\n}).contains(_globalVariables.default.componentId, eachElement.value); // cy.get(cypressObj.componentId).children().should('contain', eachElement.value);\n// cy.get(eachElement.findByValue).invoke('text').then((text) => {\n//    expect(text.trim()).contains('Telstra Personal');\n// });",
              "err": {
                "message": "AssertionError: Timed out retrying after 60000ms: Expected to find element: `div[data-personalisation-id='upgrade-banner-EA']`, but never found it.",
                "estack": "AssertionError: Timed out retrying after 60000ms: Expected to find element: `div[data-personalisation-id='upgrade-banner-EA']`, but never found it.\n    at Context.eval (https://www.telstra.com.au/__cypress/tests?p=cypress\\integration\\telstraAutomation\\telstraAutomation_spec.js:179:16)",
                "diff": null
              },
              "uuid": "4d4d5bbf-3a19-44be-8c6f-7d6f4239b589",
              "parentUUID": "d95885ea-febe-460e-815c-d67e4ec4ca78",
              "isHook": false,
              "skipped": false
            },
            {
              "title": "screenshot - upgrade-banner-EA",
              "fullTitle": "2. upgradeNow screenshot - upgrade-banner-EA",
              "timedOut": null,
              "duration": 797,
              "state": "passed",
              "speed": "fast",
              "pass": true,
              "fail": false,
              "pending": false,
              "context": null,
              "code": "cy.screenshot(eachElement.value, {\n  \"capture\": \"viewport\",\n  \"scale\": true,\n  \"overwrite\": true\n});",
              "err": {},
              "uuid": "59a7b66c-74e1-4104-93f4-07ef219bf31b",
              "parentUUID": "d95885ea-febe-460e-815c-d67e4ec4ca78",
              "isHook": false,
              "skipped": false
            },
            {
              "title": "cta - Enrol now",
              "fullTitle": "2. upgradeNow cta - Enrol now",
              "timedOut": null,
              "duration": 60638,
              "state": "failed",
              "speed": null,
              "pass": false,
              "fail": true,
              "pending": false,
              "context": null,
              "code": "cy.get(_globalVariables.default.componentId, {\n  timeout: _globalVariables.default.timeOut\n}).contains(_globalVariables.default.componentId, eachElement.findByValue).click();",
              "err": {
                "message": "AssertionError: Timed out retrying after 60000ms: Expected to find element: `div[data-personalisation-id='upgrade-banner-EA']`, but never found it.",
                "estack": "AssertionError: Timed out retrying after 60000ms: Expected to find element: `div[data-personalisation-id='upgrade-banner-EA']`, but never found it.\n    at Context.eval (https://www.telstra.com.au/__cypress/tests?p=cypress\\integration\\telstraAutomation\\telstraAutomation_spec.js:190:16)",
                "diff": null
              },
              "uuid": "b3909d07-60d5-4597-aa09-bad5e18b5222",
              "parentUUID": "d95885ea-febe-460e-815c-d67e4ec4ca78",
              "isHook": false,
              "skipped": false
            },
            {
              "title": "componentId - div.HeadingTitle_title-base__3Gth6",
              "fullTitle": "2. upgradeNow componentId - div.HeadingTitle_title-base__3Gth6",
              "timedOut": null,
              "duration": 60652,
              "state": "failed",
              "speed": null,
              "pass": false,
              "fail": true,
              "pending": false,
              "context": null,
              "code": "_globalVariables.default.componentId = eachElement.findByValue;\ncy.get(eachElement.findByValue, {\n  timeout: _globalVariables.default.timeOut\n}).should('be.visible').scrollIntoView();",
              "err": {
                "message": "AssertionError: Timed out retrying after 60000ms: Expected to find element: `div.HeadingTitle_title-base__3Gth6`, but never found it.",
                "estack": "AssertionError: Timed out retrying after 60000ms: Expected to find element: `div.HeadingTitle_title-base__3Gth6`, but never found it.\n    at Context.eval (https://www.telstra.com.au/__cypress/tests?p=cypress\\integration\\telstraAutomation\\telstraAutomation_spec.js:175:16)",
                "diff": null
              },
              "uuid": "3b2386d3-acbb-4ee3-828c-c95e193c5e87",
              "parentUUID": "d95885ea-febe-460e-815c-d67e4ec4ca78",
              "isHook": false,
              "skipped": false
            },
            {
              "title": "validate - Telstra Plus",
              "fullTitle": "2. upgradeNow validate - Telstra Plus",
              "timedOut": null,
              "duration": 60697,
              "state": "failed",
              "speed": null,
              "pass": false,
              "fail": true,
              "pending": false,
              "context": null,
              "code": "cy.get(_globalVariables.default.componentId, {\n  timeout: _globalVariables.default.timeOut\n}).contains(_globalVariables.default.componentId, eachElement.value); // cy.get(cypressObj.componentId).children().should('contain', eachElement.value);\n// cy.get(eachElement.findByValue).invoke('text').then((text) => {\n//    expect(text.trim()).contains('Telstra Personal');\n// });",
              "err": {
                "message": "AssertionError: Timed out retrying after 60000ms: Expected to find element: `div.HeadingTitle_title-base__3Gth6`, but never found it.",
                "estack": "AssertionError: Timed out retrying after 60000ms: Expected to find element: `div.HeadingTitle_title-base__3Gth6`, but never found it.\n    at Context.eval (https://www.telstra.com.au/__cypress/tests?p=cypress\\integration\\telstraAutomation\\telstraAutomation_spec.js:179:16)",
                "diff": null
              },
              "uuid": "2d4c9aca-1231-4d9b-8958-9355df9c42df",
              "parentUUID": "d95885ea-febe-460e-815c-d67e4ec4ca78",
              "isHook": false,
              "skipped": false
            },
            {
              "title": "screenshot - upgrade-banner-EA_cta1",
              "fullTitle": "2. upgradeNow screenshot - upgrade-banner-EA_cta1",
              "timedOut": null,
              "duration": 845,
              "state": "passed",
              "speed": "fast",
              "pass": true,
              "fail": false,
              "pending": false,
              "context": null,
              "code": "cy.screenshot(eachElement.value, {\n  \"capture\": \"viewport\",\n  \"scale\": true,\n  \"overwrite\": true\n});",
              "err": {},
              "uuid": "340653c7-bcd9-4d1d-a322-08339245f936",
              "parentUUID": "d95885ea-febe-460e-815c-d67e4ec4ca78",
              "isHook": false,
              "skipped": false
            }
          ],
          "suites": [],
          "passes": [
            "59a7b66c-74e1-4104-93f4-07ef219bf31b",
            "340653c7-bcd9-4d1d-a322-08339245f936"
          ],
          "failures": [
            "88182084-e817-474e-97d5-9a77d058e150",
            "fc0e78e0-efa2-4389-a2f2-3fb7cef4787f",
            "90bce73f-aa67-4c30-a799-3e0ff0a44dd7",
            "a6c1ff5f-7a44-40ce-82d1-a1bfccc7e28d",
            "7e895fe5-0521-4163-818d-c649ab6ccbc3",
            "4d4d5bbf-3a19-44be-8c6f-7d6f4239b589",
            "b3909d07-60d5-4597-aa09-bad5e18b5222",
            "3b2386d3-acbb-4ee3-828c-c95e193c5e87",
            "2d4c9aca-1231-4d9b-8958-9355df9c42df"
          ],
          "pending": [],
          "skipped": [],
          "duration": 6412336,
          "root": false,
          "rootEmpty": false,
          "_timeout": 2000
        }
      ],
      "passes": [],
      "failures": [],
      "pending": [],
      "skipped": [],
      "duration": 0,
      "root": true,
      "rootEmpty": true,
      "_timeout": 2000
    }
  ],
  "meta": {
    "mocha": {
      "version": "7.0.1"
    },
    "mochawesome": {
      "options": {
        "quiet": false,
        "reportFilename": "CypressReport",
        "saveHtml": true,
        "saveJson": true,
        "consoleReporter": "spec",
        "useInlineDiffs": false,
        "code": true
      },
      "version": "6.3.1"
    },
    "marge": {
      "options": {
        "reportDir": "cypress/reports",
        "reportFilename": "CypressReport",
        "overwrite": "true",
        "html": "true",
        "json": "true",
        "reportPageTitle": "Automated Test Status",
        "reportTitle": "Automated Test Reporting Dashboard",
        "autoOpen": "false",
        "showPassed": "true",
        "showFailed": "true",
        "charts": "true"
      },
      "version": "5.2.0"
    }
  }
}