{
  "stats": {
    "suites": 2,
    "tests": 8,
    "passes": 8,
    "pending": 0,
    "failures": 0,
    "start": "2021-12-02T13:57:51.622Z",
    "end": "2021-12-02T13:58:38.337Z",
    "duration": 46715,
    "testsRegistered": 8,
    "passPercent": 100,
    "pendingPercent": 0,
    "other": 0,
    "hasOther": false,
    "skipped": 0,
    "hasSkipped": false
  },
  "results": [
    {
      "uuid": "1a84e66d-4459-46c2-a4c5-45dec6d6698c",
      "title": "",
      "fullFile": "cypress/integration/telstraAutomation/telstraAutomation_spec.js",
      "file": "cypress/integration/telstraAutomation/telstraAutomation_spec.js",
      "beforeHooks": [],
      "afterHooks": [],
      "tests": [],
      "suites": [
        {
          "uuid": "df1f1456-d498-4e4e-928b-076cde01d045",
          "title": "1. homePage",
          "fullFile": "",
          "file": "",
          "beforeHooks": [],
          "afterHooks": [],
          "tests": [
            {
              "title": "navigate - https://www.telstra.com.au?livetest=EA_homepage",
              "fullTitle": "1. homePage navigate - https://www.telstra.com.au?livetest=EA_homepage",
              "timedOut": null,
              "duration": 24467,
              "state": "passed",
              "speed": "slow",
              "pass": true,
              "fail": false,
              "pending": false,
              "context": null,
              "code": "cy.visit(eachElement.value, {\n  failOnStatusCode: false,\n  timeout: cypressObjTimeOut\n});",
              "err": {},
              "uuid": "60c277c5-2e53-4a6d-95f3-5f34e7ea4e49",
              "parentUUID": "df1f1456-d498-4e4e-928b-076cde01d045",
              "isHook": false,
              "skipped": false
            },
            {
              "title": "componentId - div[data-personalisation-id='homePersonal-banner-EA']",
              "fullTitle": "1. homePage componentId - div[data-personalisation-id='homePersonal-banner-EA']",
              "timedOut": null,
              "duration": 342,
              "state": "passed",
              "speed": "fast",
              "pass": true,
              "fail": false,
              "pending": false,
              "context": null,
              "code": "_globalVariables.default.componentId = eachElement.findByValue;\ncy.get(eachElement.findByValue, {\n  timeout: cypressObjTimeOut\n}).should('be.visible').scrollIntoView();",
              "err": {},
              "uuid": "7170cdf1-1701-42d4-a5da-d4860bd26c5c",
              "parentUUID": "df1f1456-d498-4e4e-928b-076cde01d045",
              "isHook": false,
              "skipped": false
            },
            {
              "title": "validate - Telstra Personal",
              "fullTitle": "1. homePage validate - Telstra Personal",
              "timedOut": null,
              "duration": 42,
              "state": "passed",
              "speed": "fast",
              "pass": true,
              "fail": false,
              "pending": false,
              "context": null,
              "code": "cy.get(_globalVariables.default.componentId, {\n  timeout: cypressObjTimeOut\n}).contains(_globalVariables.default.componentId, eachElement.value); // cy.get(cypressObj.componentId).children().should('contain', eachElement.value);\n// cy.get(eachElement.findByValue).invoke('text').then((text) => {\n//    expect(text.trim()).contains('Telstra Personal');\n// });",
              "err": {},
              "uuid": "bdc6b37c-7219-4316-afc9-9ffa6cd1a7ee",
              "parentUUID": "df1f1456-d498-4e4e-928b-076cde01d045",
              "isHook": false,
              "skipped": false
            },
            {
              "title": "screenshot - homePersonal-Banner-EA",
              "fullTitle": "1. homePage screenshot - homePersonal-Banner-EA",
              "timedOut": null,
              "duration": 1836,
              "state": "passed",
              "speed": "fast",
              "pass": true,
              "fail": false,
              "pending": false,
              "context": null,
              "code": "cy.screenshot(eachElement.value, {\n  \"capture\": \"viewport\",\n  \"scale\": true,\n  \"overwrite\": true\n});",
              "err": {},
              "uuid": "aba4903a-7087-42ed-8240-ba350721e216",
              "parentUUID": "df1f1456-d498-4e4e-928b-076cde01d045",
              "isHook": false,
              "skipped": false
            }
          ],
          "suites": [],
          "passes": [
            "60c277c5-2e53-4a6d-95f3-5f34e7ea4e49",
            "7170cdf1-1701-42d4-a5da-d4860bd26c5c",
            "bdc6b37c-7219-4316-afc9-9ffa6cd1a7ee",
            "aba4903a-7087-42ed-8240-ba350721e216"
          ],
          "failures": [],
          "pending": [],
          "skipped": [],
          "duration": 26687,
          "root": false,
          "rootEmpty": false,
          "_timeout": 2000
        },
        {
          "uuid": "3d6103e6-9b8e-4a60-929b-eca592b84431",
          "title": "2. upgradeNow",
          "fullFile": "",
          "file": "",
          "beforeHooks": [],
          "afterHooks": [],
          "tests": [
            {
              "title": "navigate - https://www.telstra.com.au/mobile-phones/upgrade-now?livetest=EA_takeover",
              "fullTitle": "2. upgradeNow navigate - https://www.telstra.com.au/mobile-phones/upgrade-now?livetest=EA_takeover",
              "timedOut": null,
              "duration": 6333,
              "state": "passed",
              "speed": "medium",
              "pass": true,
              "fail": false,
              "pending": false,
              "context": null,
              "code": "cy.visit(eachElement.value, {\n  failOnStatusCode: false,\n  timeout: cypressObjTimeOut\n});",
              "err": {},
              "uuid": "4b014e38-62ae-4f45-91a7-1a526c6bb983",
              "parentUUID": "3d6103e6-9b8e-4a60-929b-eca592b84431",
              "isHook": false,
              "skipped": false
            },
            {
              "title": "componentId - div[data-personalisation-id='upgrade-banner-EA']",
              "fullTitle": "2. upgradeNow componentId - div[data-personalisation-id='upgrade-banner-EA']",
              "timedOut": null,
              "duration": 631,
              "state": "passed",
              "speed": "fast",
              "pass": true,
              "fail": false,
              "pending": false,
              "context": null,
              "code": "_globalVariables.default.componentId = eachElement.findByValue;\ncy.get(eachElement.findByValue, {\n  timeout: cypressObjTimeOut\n}).should('be.visible').scrollIntoView();",
              "err": {},
              "uuid": "30222bde-2d4c-4e06-a13d-dd8b60725377",
              "parentUUID": "3d6103e6-9b8e-4a60-929b-eca592b84431",
              "isHook": false,
              "skipped": false
            },
            {
              "title": "validate - Upgrade now",
              "fullTitle": "2. upgradeNow validate - Upgrade now",
              "timedOut": null,
              "duration": 53,
              "state": "passed",
              "speed": "fast",
              "pass": true,
              "fail": false,
              "pending": false,
              "context": null,
              "code": "cy.get(_globalVariables.default.componentId, {\n  timeout: cypressObjTimeOut\n}).contains(_globalVariables.default.componentId, eachElement.value); // cy.get(cypressObj.componentId).children().should('contain', eachElement.value);\n// cy.get(eachElement.findByValue).invoke('text').then((text) => {\n//    expect(text.trim()).contains('Telstra Personal');\n// });",
              "err": {},
              "uuid": "5ae0ed00-7a2e-4ab5-a47a-5921b936b61d",
              "parentUUID": "3d6103e6-9b8e-4a60-929b-eca592b84431",
              "isHook": false,
              "skipped": false
            },
            {
              "title": "screenshot - upgrade-banner-EA_cta1",
              "fullTitle": "2. upgradeNow screenshot - upgrade-banner-EA_cta1",
              "timedOut": null,
              "duration": 1406,
              "state": "passed",
              "speed": "fast",
              "pass": true,
              "fail": false,
              "pending": false,
              "context": null,
              "code": "cy.screenshot(eachElement.value, {\n  \"capture\": \"viewport\",\n  \"scale\": true,\n  \"overwrite\": true\n});",
              "err": {},
              "uuid": "d1624b86-b1b9-4ea2-81a0-c70354173f72",
              "parentUUID": "3d6103e6-9b8e-4a60-929b-eca592b84431",
              "isHook": false,
              "skipped": false
            }
          ],
          "suites": [],
          "passes": [
            "4b014e38-62ae-4f45-91a7-1a526c6bb983",
            "30222bde-2d4c-4e06-a13d-dd8b60725377",
            "5ae0ed00-7a2e-4ab5-a47a-5921b936b61d",
            "d1624b86-b1b9-4ea2-81a0-c70354173f72"
          ],
          "failures": [],
          "pending": [],
          "skipped": [],
          "duration": 8423,
          "root": false,
          "rootEmpty": false,
          "_timeout": 2000
        }
      ],
      "passes": [],
      "failures": [],
      "pending": [],
      "skipped": [],
      "duration": 0,
      "root": true,
      "rootEmpty": true,
      "_timeout": 2000
    }
  ],
  "meta": {
    "mocha": {
      "version": "7.0.1"
    },
    "mochawesome": {
      "options": {
        "quiet": false,
        "reportFilename": "CypressReport",
        "saveHtml": true,
        "saveJson": true,
        "consoleReporter": "spec",
        "useInlineDiffs": false,
        "code": true
      },
      "version": "6.3.1"
    },
    "marge": {
      "options": {
        "reportDir": "cypress/reports",
        "reportFilename": "CypressReport",
        "overwrite": "true",
        "html": "true",
        "json": "true",
        "reportPageTitle": "Automated Test Status",
        "reportTitle": "Automated Test Reporting Dashboard",
        "autoOpen": "false",
        "showPassed": "true",
        "showFailed": "true",
        "charts": "true"
      },
      "version": "5.2.0"
    }
  }
}